2024-04-01 15:10:13,846 - INFO - 192.168.0.192 - - [01/Apr/2024 15:10:13] "[31m[1mGET /upload HTTP/1.1[0m" 405 -
2024-04-01 15:10:13,851 - ERROR - No issue observed check------------ .
2024-04-01 15:10:13,861 - INFO - Total lines check completed - Count: 0
2024-04-01 15:10:13,863 - WARNING - Indentation issue at line 132: TAB space used. Convert TABs to spaces.
2024-04-01 15:10:13,864 - WARNING - Indentation issue at line 161: TAB space used. Convert TABs to spaces.
2024-04-01 15:10:13,865 - WARNING - Indentation issue at line 509: TAB space used. Convert TABs to spaces.
2024-04-01 15:10:13,865 - WARNING - Indentation issue at line 529: TAB space used. Convert TABs to spaces.
2024-04-01 15:10:13,866 - WARNING - Indentation issue at line 582: TAB space used. Convert TABs to spaces.
2024-04-01 15:10:13,866 - WARNING - Indentation issue at line 583: TAB space used. Convert TABs to spaces.
2024-04-01 15:10:13,866 - WARNING - Indentation issue at line 776: TAB space used. Convert TABs to spaces.
2024-04-01 15:10:13,868 - WARNING - Indentation issue at line 1210: TAB space used. Convert TABs to spaces.
2024-04-01 15:10:13,868 - WARNING - Indentation issue at line 1211: TAB space used. Convert TABs to spaces.
2024-04-01 15:10:13,868 - WARNING - Indentation issue at line 1299: TAB space used. Convert TABs to spaces.
2024-04-01 15:10:13,868 - WARNING - Indentation issue at line 1358: TAB space used. Convert TABs to spaces.
2024-04-01 15:10:13,868 - WARNING - Indentation issue at line 1359: TAB space used. Convert TABs to spaces.
2024-04-01 15:10:13,868 - WARNING - Indentation issue at line 1360: TAB space used. Convert TABs to spaces.
2024-04-01 15:10:13,869 - WARNING - Indentation issue at line 1417: TAB space used. Convert TABs to spaces.
2024-04-01 15:10:13,869 - WARNING - Indentation issue at line 1418: TAB space used. Convert TABs to spaces.
2024-04-01 15:10:13,869 - WARNING - Indentation issue at line 1419: TAB space used. Convert TABs to spaces.
2024-04-01 15:10:13,870 - INFO - Indentation check completed - Count: 16
2024-04-01 15:10:14,238 - ERROR - Error during preprocessing: Command '['cpp', '-o', 'D:\\Python\\Coding_Standards\\ALLOT\\Uploads\\HRM_Server_processed.cpp', 'D:\\Python\\Coding_Standards\\ALLOT\\Uploads\\HRM_Server.cpp']' returned non-zero exit status 1.
2024-04-01 15:10:14,238 - ERROR - cpp error: D:\Python\Coding_Standards\ALLOT\Uploads\HRM_Server.cpp:4:10: fatal error: nedbg.h: No such file or directory
    4 | #include "nedbg.h"
      |          ^~~~~~~~~
compilation terminated.

2024-04-01 15:10:14,239 - ERROR - File not found: D:\Python\Coding_Standards\ALLOT\Uploads\HRM_Server.cpp
2024-04-01 15:10:14,241 - WARNING - Repetition detected: Sequence 'default:
        NE_DEBUG(DL_WARNING,
                 ("%s - Unknown m_hrmMode %d - ignore it",__FUNCTION__,m_hrmMode));' repeated 3 times. Consider refactoring as a function. Lines: 543, 572, 940
2024-04-01 15:10:14,241 - INFO - Modularization check completed - Count: 1
2024-04-01 15:10:14,241 - INFO - File is UTF-8 encoded
2024-04-01 15:10:14,241 - ERROR - Error during file encoding check: 'file_encoding_check'
2024-04-01 15:10:14,241 - ERROR - Error during consistency check: string index out of range
2024-04-01 15:10:14,241 - INFO - Excess whitespace check completed - Count: 0
2024-04-01 15:10:14,241 - INFO - Script Analysis completed.
2024-04-01 15:10:15,903 - INFO - Counts sent in email body: {'total_lines_check': 0, 'indentation_check': 16, 'naming_conventions_check': 0, 'modularization_check': 1, 'consistency_check': 0, 'excess_whitespace_check': 0}
2024-04-01 15:10:15,908 - INFO - 192.168.0.192 - - [01/Apr/2024 15:10:15] "[32mPOST /upload HTTP/1.1[0m" 302 -
2024-04-01 15:10:15,948 - INFO - 192.168.0.192 - - [01/Apr/2024 15:10:15] "GET / HTTP/1.1" 200 -
