2024-03-26 17:06:30,605 - ERROR - No issue observed check------------ .
2024-03-26 17:06:30,608 - INFO - Total lines check completed - Count: 0
2024-03-26 17:06:30,612 - WARNING - Syntax issue at line 1: Incorrect syntax - Include.
2024-03-26 17:06:30,613 - WARNING - Indentation issue at line 10: TAB space used. Convert TABs to spaces.
2024-03-26 17:06:30,613 - WARNING - Indentation issue at line 12: TAB space used. Convert TABs to spaces.
2024-03-26 17:06:30,613 - WARNING - Indentation issue at line 14: TAB space used. Convert TABs to spaces.
2024-03-26 17:06:30,614 - WARNING - Indentation issue at line 17: TAB space used. Convert TABs to spaces.
2024-03-26 17:06:30,614 - WARNING - Indentation issue at line 18: TAB space used. Convert TABs to spaces.
2024-03-26 17:06:30,655 - WARNING - Indentation issue at line 22: TAB space used. Convert TABs to spaces.
2024-03-26 17:06:30,655 - WARNING - Indentation issue at line 23: TAB space used. Convert TABs to spaces.
2024-03-26 17:06:30,656 - WARNING - Indentation issue at line 27: TAB space used. Convert TABs to spaces.
2024-03-26 17:06:30,656 - WARNING - Indentation issue at line 28: TAB space used. Convert TABs to spaces.
2024-03-26 17:06:30,656 - INFO - Indentation check completed - Count: 9
2024-03-26 17:06:30,797 - INFO - 192.168.0.192 - - [26/Mar/2024 17:06:30] "[35m[1mPOST /upload HTTP/1.1[0m" 500 -
2024-03-26 17:06:33,035 - ERROR - Error during naming conventions check: c:\\mingw\\lib\\gcc\\mingw32\\9.2.0\\include\\c++\\mingw32\\bits\\c++config.h:252:11: before: std
2024-03-26 17:06:33,038 - INFO - Modularization check completed - Count: 0
2024-03-26 17:06:33,040 - INFO - File is UTF-8 encoded
2024-03-26 17:06:33,041 - ERROR - Error during file encoding check: 'file_encoding_check'
2024-03-26 17:06:33,044 - ERROR - Error during consistency check: string index out of range
2024-03-26 17:06:33,047 - INFO - Code reuse check completed - Count: 0
2024-03-26 17:06:33,050 - INFO - Excess whitespace check completed - Count: 0
2024-03-26 17:06:33,052 - INFO - Repetition check completed - Count: 0
2024-03-26 17:06:33,053 - INFO - Script Analysis completed.
2024-03-26 17:06:34,511 - INFO - Counts sent in email body: {'include_directive_check': 0, 'analysis': 0, 'total_lines_check': 0, 'indentation_check': 9, 'naming_conventions_check': 0, 'preprocessing': 0, 'modularization_check': 0, 'consistency_check': 0, 'code_reuse_check': 0, 'repetition_check': 0, 'excess_whitespace_check': 0}
2024-03-26 17:06:34,514 - INFO - 192.168.0.192 - - [26/Mar/2024 17:06:34] "[32mPOST /upload HTTP/1.1[0m" 302 -
2024-03-26 17:06:34,536 - INFO - 192.168.0.192 - - [26/Mar/2024 17:06:34] "GET / HTTP/1.1" 200 -
2024-03-26 17:07:12,790 - ERROR - No issue observed check------------ .
2024-03-26 17:07:12,789 - INFO - 192.168.0.192 - - [26/Mar/2024 17:07:12] "[35m[1mPOST /upload HTTP/1.1[0m" 500 -
2024-03-26 17:07:12,794 - INFO - Total lines check completed - Count: 0
2024-03-26 17:07:12,796 - WARNING - Syntax issue at line 1: Incorrect syntax - Include.
2024-03-26 17:07:12,797 - WARNING - Indentation issue at line 10: TAB space used. Convert TABs to spaces.
2024-03-26 17:07:12,797 - WARNING - Indentation issue at line 12: TAB space used. Convert TABs to spaces.
2024-03-26 17:07:12,797 - WARNING - Indentation issue at line 14: TAB space used. Convert TABs to spaces.
2024-03-26 17:07:12,797 - WARNING - Indentation issue at line 17: TAB space used. Convert TABs to spaces.
2024-03-26 17:07:12,797 - WARNING - Indentation issue at line 18: TAB space used. Convert TABs to spaces.
2024-03-26 17:07:12,798 - WARNING - Indentation issue at line 22: TAB space used. Convert TABs to spaces.
2024-03-26 17:07:12,798 - WARNING - Indentation issue at line 23: TAB space used. Convert TABs to spaces.
2024-03-26 17:07:12,798 - WARNING - Indentation issue at line 27: TAB space used. Convert TABs to spaces.
2024-03-26 17:07:12,798 - WARNING - Indentation issue at line 28: TAB space used. Convert TABs to spaces.
2024-03-26 17:07:12,798 - INFO - Indentation check completed - Count: 9
2024-03-26 17:07:13,685 - ERROR - Error during naming conventions check: c:\\mingw\\lib\\gcc\\mingw32\\9.2.0\\include\\c++\\mingw32\\bits\\c++config.h:252:11: before: std
2024-03-26 17:07:13,687 - INFO - Modularization check completed - Count: 0
2024-03-26 17:07:13,689 - INFO - File is UTF-8 encoded
2024-03-26 17:07:13,689 - ERROR - Error during file encoding check: 'file_encoding_check'
2024-03-26 17:07:13,692 - ERROR - Error during consistency check: string index out of range
2024-03-26 17:07:13,695 - INFO - Code reuse check completed - Count: 0
2024-03-26 17:07:13,698 - INFO - Excess whitespace check completed - Count: 0
2024-03-26 17:07:13,700 - INFO - Repetition check completed - Count: 0
2024-03-26 17:07:13,701 - INFO - Script Analysis completed.
2024-03-26 17:07:13,702 - ERROR - Error during analysis: [Errno 2] No such file or directory: 'D:\\Python\\Coding_Standards\\ALLOT\\Uploads\\Logs\\Logs-trial2-at-17-07-12-on-26-03-2024.log'
2024-03-26 17:07:13,703 - ERROR - Error count: 1
2024-03-26 17:07:13,705 - INFO - 192.168.0.192 - - [26/Mar/2024 17:07:13] "[32mPOST /upload HTTP/1.1[0m" 302 -
2024-03-26 17:07:13,728 - INFO - 192.168.0.192 - - [26/Mar/2024 17:07:13] "GET / HTTP/1.1" 200 -
2024-03-26 17:07:38,035 - INFO - 192.168.0.192 - - [26/Mar/2024 17:07:38] "[35m[1mPOST /upload HTTP/1.1[0m" 500 -
2024-03-26 17:07:38,061 - ERROR - No issue observed check------------ .
2024-03-26 17:07:38,072 - INFO - Total lines check completed - Count: 0
2024-03-26 17:07:38,075 - WARNING - Syntax issue at line 2: Incorrect syntax - Include.
2024-03-26 17:07:38,075 - WARNING - Syntax issue at line 3: Incorrect syntax - Include.
2024-03-26 17:07:38,076 - WARNING - Syntax issue at line 4: Incorrect syntax - Include.
2024-03-26 17:07:38,077 - INFO - Indentation check completed - Count: 0
2024-03-26 17:07:38,577 - ERROR - Error during preprocessing: Command '['cpp', '-o', 'D:\\Python\\Coding_Standards\\ALLOT\\Uploads\\HRM_State_processed.cpp', 'D:\\Python\\Coding_Standards\\ALLOT\\Uploads\\HRM_State.cpp']' returned non-zero exit status 1.
2024-03-26 17:07:38,577 - ERROR - cpp error: D:\Python\Coding_Standards\ALLOT\Uploads\HRM_State.cpp:2:10: fatal error: nedbg.h: No such file or directory
    2 | #include "nedbg.h"
      |          ^~~~~~~~~
compilation terminated.

2024-03-26 17:07:38,578 - ERROR - File not found: D:\Python\Coding_Standards\ALLOT\Uploads\HRM_State.cpp
2024-03-26 17:07:38,584 - INFO - Modularization check completed - Count: 0
2024-03-26 17:07:38,585 - INFO - File is UTF-8 encoded
2024-03-26 17:07:38,586 - ERROR - Error during file encoding check: 'file_encoding_check'
2024-03-26 17:07:38,588 - ERROR - Error during consistency check: string index out of range
2024-03-26 17:07:38,590 - INFO - Code reuse check completed - Count: 0
2024-03-26 17:07:38,592 - INFO - Excess whitespace check completed - Count: 0
2024-03-26 17:07:38,594 - INFO - Repetition check completed - Count: 0
2024-03-26 17:07:38,595 - INFO - Script Analysis completed.
2024-03-26 17:07:38,596 - ERROR - Error during analysis: [Errno 2] No such file or directory: 'D:\\Python\\Coding_Standards\\ALLOT\\Uploads\\Logs\\Logs-HRM_State-at-17-07-38-on-26-03-2024.log'
2024-03-26 17:07:38,596 - ERROR - Error count: 1
2024-03-26 17:07:38,599 - INFO - 192.168.0.192 - - [26/Mar/2024 17:07:38] "[32mPOST /upload HTTP/1.1[0m" 302 -
2024-03-26 17:07:38,624 - INFO - 192.168.0.192 - - [26/Mar/2024 17:07:38] "GET / HTTP/1.1" 200 -
