2024-04-08 14:46:20,910 - INFO - 192.168.0.192 - - [08/Apr/2024 14:46:20] "[31m[1mGET /upload HTTP/1.1[0m" 405 -
2024-04-08 14:46:20,924 - WARNING - Total number of lines (1644) exceeds the recommended maximum of 2000 lines.
2024-04-08 14:46:20,925 - INFO - Total lines check completed - Count: 1
2024-04-08 14:46:20,936 - WARNING - Indentation issue at line 132: TAB space used. Convert TABs to spaces.
2024-04-08 14:46:20,936 - WARNING - Indentation issue at line 161: TAB space used. Convert TABs to spaces.
2024-04-08 14:46:20,936 - WARNING - Brace placement issue at line 504: Opening brace should be on the same line as the control statement.
2024-04-08 14:46:20,961 - WARNING - Indentation issue at line 509: TAB space used. Convert TABs to spaces.
2024-04-08 14:46:20,961 - WARNING - Brace placement issue at line 526: Opening brace should be on the same line as the control statement.
2024-04-08 14:46:20,961 - WARNING - Indentation issue at line 529: TAB space used. Convert TABs to spaces.
2024-04-08 14:46:20,961 - WARNING - Brace placement issue at line 534: Opening brace should be on the same line as the control statement.
2024-04-08 14:46:20,961 - WARNING - Indentation issue at line 582: TAB space used. Convert TABs to spaces.
2024-04-08 14:46:20,961 - WARNING - Indentation issue at line 583: TAB space used. Convert TABs to spaces.
2024-04-08 14:46:20,961 - WARNING - Indentation issue at line 776: TAB space used. Convert TABs to spaces.
2024-04-08 14:46:20,961 - WARNING - Brace placement issue at line 897: Opening brace should be on the same line as the control statement.
2024-04-08 14:46:20,961 - WARNING - Brace placement issue at line 926: Opening brace should be on the same line as the control statement.
2024-04-08 14:46:20,961 - WARNING - Brace placement issue at line 1165: Opening brace should be on the same line as the control statement.
2024-04-08 14:46:20,961 - WARNING - Indentation issue at line 1210: TAB space used. Convert TABs to spaces.
2024-04-08 14:46:20,961 - WARNING - Indentation issue at line 1211: TAB space used. Convert TABs to spaces.
2024-04-08 14:46:20,961 - WARNING - Indentation issue at line 1299: TAB space used. Convert TABs to spaces.
2024-04-08 14:46:20,961 - WARNING - Indentation issue at line 1358: TAB space used. Convert TABs to spaces.
2024-04-08 14:46:20,961 - WARNING - Indentation issue at line 1359: TAB space used. Convert TABs to spaces.
2024-04-08 14:46:20,961 - WARNING - Indentation issue at line 1360: TAB space used. Convert TABs to spaces.
2024-04-08 14:46:20,961 - WARNING - Indentation issue at line 1417: TAB space used. Convert TABs to spaces.
2024-04-08 14:46:20,961 - WARNING - Indentation issue at line 1418: TAB space used. Convert TABs to spaces.
2024-04-08 14:46:20,961 - WARNING - Indentation issue at line 1419: TAB space used. Convert TABs to spaces.
2024-04-08 14:46:20,961 - INFO - Indentation check completed - Count: 22
2024-04-08 14:46:20,961 - WARNING - Constant not all upper-case found at line 28
2024-04-08 14:46:20,961 - WARNING - Constant not all upper-case found at line 29
2024-04-08 14:46:20,961 - WARNING - Constant not all upper-case found at line 30
2024-04-08 14:46:20,961 - WARNING - Constant not all upper-case found at line 33
2024-04-08 14:46:20,961 - WARNING - Constant not all upper-case found at line 34
2024-04-08 14:46:20,961 - WARNING - Constant not all upper-case found at line 35
2024-04-08 14:46:20,961 - WARNING - Constant not all upper-case found at line 36
2024-04-08 14:46:20,961 - WARNING - Constant not all upper-case found at line 37
2024-04-08 14:46:20,961 - WARNING - Variable/function not starting with lower-case letter found at line 60
2024-04-08 14:46:20,961 - WARNING - Pointer not starting with 'p' found at line 171
2024-04-08 14:46:20,961 - WARNING - Variable/function not starting with lower-case letter found at line 175
2024-04-08 14:46:20,961 - WARNING - Pointer not starting with 'p' found at line 188
2024-04-08 14:46:20,961 - WARNING - Member not starting with 'm_' found at line 212
2024-04-08 14:46:20,961 - WARNING - Member not starting with 'm_' found at line 226
2024-04-08 14:46:20,961 - WARNING - Member not starting with 'm_' found at line 231
2024-04-08 14:46:20,961 - WARNING - Member not starting with 'm_' found at line 236
2024-04-08 14:46:20,961 - WARNING - Member not starting with 'm_' found at line 256
2024-04-08 14:46:20,961 - WARNING - Member not starting with 'm_' found at line 292
2024-04-08 14:46:20,961 - WARNING - Variable/function not starting with lower-case letter found at line 315
2024-04-08 14:46:20,961 - WARNING - Member not starting with 'm_' found at line 316
2024-04-08 14:46:20,961 - WARNING - Variable/function not starting with lower-case letter found at line 317
2024-04-08 14:46:20,961 - WARNING - Member not starting with 'm_' found at line 318
2024-04-08 14:46:20,961 - WARNING - Member not starting with 'm_' found at line 326
2024-04-08 14:46:20,961 - WARNING - Member not starting with 'm_' found at line 421
2024-04-08 14:46:20,961 - WARNING - Member not starting with 'm_' found at line 422
2024-04-08 14:46:20,961 - WARNING - Member not starting with 'm_' found at line 423
2024-04-08 14:46:20,961 - WARNING - Member not starting with 'm_' found at line 424
2024-04-08 14:46:20,961 - WARNING - Member not starting with 'm_' found at line 426
2024-04-08 14:46:20,961 - WARNING - Member not starting with 'm_' found at line 427
2024-04-08 14:46:20,961 - WARNING - Variable/function not starting with lower-case letter found at line 434
2024-04-08 14:46:20,961 - WARNING - Member not starting with 'm_' found at line 443
2024-04-08 14:46:20,961 - WARNING - Member not starting with 'm_' found at line 445
2024-04-08 14:46:20,961 - WARNING - Member not starting with 'm_' found at line 447
2024-04-08 14:46:20,961 - WARNING - Member not starting with 'm_' found at line 452
2024-04-08 14:46:20,961 - WARNING - Member not starting with 'm_' found at line 453
2024-04-08 14:46:20,961 - WARNING - Member not starting with 'm_' found at line 454
2024-04-08 14:46:20,961 - WARNING - Member not starting with 'm_' found at line 463
2024-04-08 14:46:20,961 - WARNING - Member not starting with 'm_' found at line 464
2024-04-08 14:46:20,961 - WARNING - Member not starting with 'm_' found at line 465
2024-04-08 14:46:20,961 - WARNING - Member not starting with 'm_' found at line 466
2024-04-08 14:46:20,961 - WARNING - Member not starting with 'm_' found at line 468
2024-04-08 14:46:20,961 - WARNING - Variable/function not starting with lower-case letter found at line 495
2024-04-08 14:46:20,961 - WARNING - Variable/function not starting with lower-case letter found at line 499
2024-04-08 14:46:20,961 - WARNING - Member not starting with 'm_' found at line 502
2024-04-08 14:46:20,961 - WARNING - Variable/function not starting with lower-case letter found at line 508
2024-04-08 14:46:20,978 - WARNING - Member not starting with 'm_' found at line 510
2024-04-08 14:46:20,978 - WARNING - Member not starting with 'm_' found at line 512
2024-04-08 14:46:20,978 - WARNING - Variable/function not starting with lower-case letter found at line 514
2024-04-08 14:46:20,978 - WARNING - Member not starting with 'm_' found at line 515
2024-04-08 14:46:20,978 - WARNING - Variable/function not starting with lower-case letter found at line 518
2024-04-08 14:46:20,978 - WARNING - Member not starting with 'm_' found at line 519
2024-04-08 14:46:20,978 - WARNING - Member not starting with 'm_' found at line 530
2024-04-08 14:46:20,978 - WARNING - Member not starting with 'm_' found at line 532
2024-04-08 14:46:20,978 - WARNING - Member not starting with 'm_' found at line 535
2024-04-08 14:46:20,978 - WARNING - Variable/function not starting with lower-case letter found at line 539
2024-04-08 14:46:20,978 - WARNING - Member not starting with 'm_' found at line 540
2024-04-08 14:46:20,978 - WARNING - Variable/function not starting with lower-case letter found at line 563
2024-04-08 14:46:20,978 - WARNING - Member not starting with 'm_' found at line 579
2024-04-08 14:46:20,978 - WARNING - Member not starting with 'm_' found at line 587
2024-04-08 14:46:20,978 - WARNING - Variable/function not starting with lower-case letter found at line 592
2024-04-08 14:46:20,978 - WARNING - Member not starting with 'm_' found at line 593
2024-04-08 14:46:20,978 - WARNING - Member not starting with 'm_' found at line 600
2024-04-08 14:46:20,978 - WARNING - Variable/function not starting with lower-case letter found at line 617
2024-04-08 14:46:20,978 - WARNING - Member not starting with 'm_' found at line 627
2024-04-08 14:46:20,978 - WARNING - Member not starting with 'm_' found at line 631
2024-04-08 14:46:20,978 - WARNING - Variable/function not starting with lower-case letter found at line 657
2024-04-08 14:46:20,978 - WARNING - Member not starting with 'm_' found at line 660
2024-04-08 14:46:20,978 - WARNING - Variable/function not starting with lower-case letter found at line 686
2024-04-08 14:46:20,978 - WARNING - Variable/function not starting with lower-case letter found at line 716
2024-04-08 14:46:20,978 - WARNING - Variable/function not starting with lower-case letter found at line 720
2024-04-08 14:46:20,978 - WARNING - Member not starting with 'm_' found at line 725
2024-04-08 14:46:20,978 - WARNING - Variable/function not starting with lower-case letter found at line 729
2024-04-08 14:46:20,978 - WARNING - Member not starting with 'm_' found at line 738
2024-04-08 14:46:20,978 - WARNING - Member not starting with 'm_' found at line 739
2024-04-08 14:46:20,978 - WARNING - Variable/function not starting with lower-case letter found at line 746
2024-04-08 14:46:20,978 - WARNING - Member not starting with 'm_' found at line 764
2024-04-08 14:46:20,978 - WARNING - Member not starting with 'm_' found at line 765
2024-04-08 14:46:20,978 - WARNING - Variable/function not starting with lower-case letter found at line 767
2024-04-08 14:46:20,978 - WARNING - Variable/function not starting with lower-case letter found at line 775
2024-04-08 14:46:20,978 - WARNING - Member not starting with 'm_' found at line 776
2024-04-08 14:46:20,978 - WARNING - Member not starting with 'm_' found at line 789
2024-04-08 14:46:20,978 - WARNING - Member not starting with 'm_' found at line 833
2024-04-08 14:46:20,978 - WARNING - Variable/function not starting with lower-case letter found at line 891
2024-04-08 14:46:20,978 - WARNING - Variable/function not starting with lower-case letter found at line 896
2024-04-08 14:46:20,978 - WARNING - Member not starting with 'm_' found at line 916
2024-04-08 14:46:20,978 - WARNING - Variable/function not starting with lower-case letter found at line 925
2024-04-08 14:46:20,978 - WARNING - Member not starting with 'm_' found at line 985
2024-04-08 14:46:20,978 - WARNING - Member not starting with 'm_' found at line 1005
2024-04-08 14:46:20,978 - WARNING - Variable/function not starting with lower-case letter found at line 1007
2024-04-08 14:46:20,978 - WARNING - Member not starting with 'm_' found at line 1008
2024-04-08 14:46:20,978 - WARNING - Member not starting with 'm_' found at line 1011
2024-04-08 14:46:20,978 - WARNING - Member not starting with 'm_' found at line 1104
2024-04-08 14:46:20,978 - WARNING - Variable/function not starting with lower-case letter found at line 1106
2024-04-08 14:46:20,978 - WARNING - Member not starting with 'm_' found at line 1107
2024-04-08 14:46:20,978 - WARNING - Member not starting with 'm_' found at line 1123
2024-04-08 14:46:20,978 - WARNING - Variable/function not starting with lower-case letter found at line 1125
2024-04-08 14:46:20,978 - WARNING - Variable/function not starting with lower-case letter found at line 1128
2024-04-08 14:46:20,978 - WARNING - Member not starting with 'm_' found at line 1129
2024-04-08 14:46:20,978 - WARNING - Member not starting with 'm_' found at line 1144
2024-04-08 14:46:20,978 - WARNING - Member not starting with 'm_' found at line 1151
2024-04-08 14:46:20,978 - WARNING - Member not starting with 'm_' found at line 1171
2024-04-08 14:46:20,978 - WARNING - Member not starting with 'm_' found at line 1174
2024-04-08 14:46:20,978 - WARNING - Member not starting with 'm_' found at line 1177
2024-04-08 14:46:20,978 - WARNING - Member not starting with 'm_' found at line 1214
2024-04-08 14:46:20,978 - WARNING - Member not starting with 'm_' found at line 1216
2024-04-08 14:46:20,978 - WARNING - Member not starting with 'm_' found at line 1231
2024-04-08 14:46:20,978 - WARNING - Variable/function not starting with lower-case letter found at line 1254
2024-04-08 14:46:20,978 - WARNING - Variable/function not starting with lower-case letter found at line 1263
2024-04-08 14:46:20,978 - WARNING - Member not starting with 'm_' found at line 1272
2024-04-08 14:46:20,978 - WARNING - Member not starting with 'm_' found at line 1276
2024-04-08 14:46:20,978 - WARNING - Member not starting with 'm_' found at line 1280
2024-04-08 14:46:20,978 - WARNING - Member not starting with 'm_' found at line 1283
2024-04-08 14:46:20,978 - WARNING - Member not starting with 'm_' found at line 1300
2024-04-08 14:46:20,978 - WARNING - Member not starting with 'm_' found at line 1316
2024-04-08 14:46:20,978 - WARNING - Member not starting with 'm_' found at line 1318
2024-04-08 14:46:20,978 - WARNING - Variable/function not starting with lower-case letter found at line 1357
2024-04-08 14:46:20,978 - WARNING - Member not starting with 'm_' found at line 1382
2024-04-08 14:46:20,978 - WARNING - Member not starting with 'm_' found at line 1418
2024-04-08 14:46:20,978 - WARNING - Member not starting with 'm_' found at line 1434
2024-04-08 14:46:20,978 - WARNING - Member not starting with 'm_' found at line 1481
2024-04-08 14:46:20,978 - WARNING - Member not starting with 'm_' found at line 1510
2024-04-08 14:46:20,978 - WARNING - Variable/function not starting with lower-case letter found at line 1524
2024-04-08 14:46:20,978 - WARNING - Member not starting with 'm_' found at line 1527
2024-04-08 14:46:20,978 - WARNING - Member not starting with 'm_' found at line 1528
2024-04-08 14:46:20,978 - WARNING - Variable/function not starting with lower-case letter found at line 1550
2024-04-08 14:46:20,978 - WARNING - Member not starting with 'm_' found at line 1558
2024-04-08 14:46:20,978 - WARNING - Member not starting with 'm_' found at line 1565
2024-04-08 14:46:20,978 - WARNING - Member not starting with 'm_' found at line 1575
2024-04-08 14:46:20,978 - WARNING - Member not starting with 'm_' found at line 1584
2024-04-08 14:46:20,978 - WARNING - Member not starting with 'm_' found at line 1593
2024-04-08 14:46:20,978 - WARNING - Member not starting with 'm_' found at line 1607
2024-04-08 14:46:20,978 - WARNING - Member not starting with 'm_' found at line 1621
2024-04-08 14:46:20,978 - INFO - Naming conventions check completed - Count: 132
2024-04-08 14:46:20,995 - WARNING - Repetition detected: Sequence 'default:
        NE_DEBUG(DL_WARNING,
                 ("%s - Unknown m_hrmMode %d - ignore it",__FUNCTION__,m_hrmMode));' repeated 3 times. Consider refactoring as a function. Lines: 543, 572, 940
2024-04-08 14:46:20,995 - INFO - Modularization check completed - Count: 1
2024-04-08 14:46:20,995 - INFO - File is UTF-8 encoded - Expected
2024-04-08 14:46:20,995 - INFO - File encoding check completed - Count: 0
2024-04-08 14:46:20,995 - INFO - Consistency check completed - Count: 0
2024-04-08 14:46:20,995 - INFO - Excess whitespace check completed - Count: 0
2024-04-08 14:46:20,995 - INFO - Script Analysis completed.


  Summary of Issues observed:
-------------------------------
	Check				Count
-------------------------------
 total_lines_check        1
 indentation_check        22
 naming_conventions_check 132
 modularization_check     1
-------------------------------